0 info it worked if it ends with ok
1 verbose cli [ '/usr/local/Cellar/node/5.4.0/bin/node',
1 verbose cli   '/usr/local/bin/npm',
1 verbose cli   'run',
1 verbose cli   'lint',
1 verbose cli   '--',
1 verbose cli   '--fix' ]
2 info using npm@3.8.1
3 info using node@v5.4.0
4 verbose run-script [ 'prelint', 'lint', 'postlint' ]
5 info lifecycle eslint-plugin-eslint-jquery-es2015@0.0.0~prelint: eslint-plugin-eslint-jquery-es2015@0.0.0
6 silly lifecycle eslint-plugin-eslint-jquery-es2015@0.0.0~prelint: no script for prelint, continuing
7 info lifecycle eslint-plugin-eslint-jquery-es2015@0.0.0~lint: eslint-plugin-eslint-jquery-es2015@0.0.0
8 verbose lifecycle eslint-plugin-eslint-jquery-es2015@0.0.0~lint: unsafe-perm in lifecycle true
9 verbose lifecycle eslint-plugin-eslint-jquery-es2015@0.0.0~lint: PATH: /usr/local/lib/node_modules/npm/bin/node-gyp-bin:/Users/inuscript/github/eslint-extend-to-object-assign/node_modules/.bin:/usr/local/Cellar/node/5.4.0/bin:/Users/inuscript/.nodebrew/current/bin:/usr/local/heroku/bin:/Users/inuscript/.gitcommands:/usr/local/opt/ruby/bin:/usr/local/share/npm/bin:/usr/local/bin:/usr/local/sbin:/usr/local/bin:/usr/bin:/bin:/usr/sbin:/sbin:/opt/X11/bin:/Users/inuscript/code/gopath/bin:/usr/local/Cellar/go/1.6/libexec/bin:/Users/inuscript/code/go-local/bin
10 verbose lifecycle eslint-plugin-eslint-jquery-es2015@0.0.0~lint: CWD: /Users/inuscript/github/eslint-extend-to-object-assign
11 silly lifecycle eslint-plugin-eslint-jquery-es2015@0.0.0~lint: Args: [ '-c', 'eslint lib/ tests/ "--fix"' ]
12 silly lifecycle eslint-plugin-eslint-jquery-es2015@0.0.0~lint: Returned: code: 1  signal: null
13 info lifecycle eslint-plugin-eslint-jquery-es2015@0.0.0~lint: Failed to exec lint script
14 verbose stack Error: eslint-plugin-eslint-jquery-es2015@0.0.0 lint: `eslint lib/ tests/ "--fix"`
14 verbose stack Exit status 1
14 verbose stack     at EventEmitter.<anonymous> (/usr/local/lib/node_modules/npm/lib/utils/lifecycle.js:239:16)
14 verbose stack     at emitTwo (events.js:87:13)
14 verbose stack     at EventEmitter.emit (events.js:172:7)
14 verbose stack     at ChildProcess.<anonymous> (/usr/local/lib/node_modules/npm/lib/utils/spawn.js:24:14)
14 verbose stack     at emitTwo (events.js:87:13)
14 verbose stack     at ChildProcess.emit (events.js:172:7)
14 verbose stack     at maybeClose (internal/child_process.js:821:16)
14 verbose stack     at Process.ChildProcess._handle.onexit (internal/child_process.js:211:5)
15 verbose pkgid eslint-plugin-eslint-jquery-es2015@0.0.0
16 verbose cwd /Users/inuscript/github/eslint-extend-to-object-assign
17 error Darwin 15.3.0
18 error argv "/usr/local/Cellar/node/5.4.0/bin/node" "/usr/local/bin/npm" "run" "lint" "--" "--fix"
19 error node v5.4.0
20 error npm  v3.8.1
21 error code ELIFECYCLE
22 error eslint-plugin-eslint-jquery-es2015@0.0.0 lint: `eslint lib/ tests/ "--fix"`
22 error Exit status 1
23 error Failed at the eslint-plugin-eslint-jquery-es2015@0.0.0 lint script 'eslint lib/ tests/ "--fix"'.
23 error Make sure you have the latest version of node.js and npm installed.
23 error If you do, this is most likely a problem with the eslint-plugin-eslint-jquery-es2015 package,
23 error not with npm itself.
23 error Tell the author that this fails on your system:
23 error     eslint lib/ tests/ "--fix"
23 error You can get information on how to open an issue for this project with:
23 error     npm bugs eslint-plugin-eslint-jquery-es2015
23 error Or if that isn't available, you can get their info via:
23 error     npm owner ls eslint-plugin-eslint-jquery-es2015
23 error There is likely additional logging output above.
24 verbose exit [ 1, true ]
